Fri, 21 Nov 2014 02:11:42 +0000	[2]mt_rand() [<a href='function.mt-rand'>function.mt-rand</a>]: max(20) is smaller than min(21)	\includes\libraries\captcha.lib.php	288
Fri, 21 Nov 2014 02:13:14 +0000	[2]mt_rand() [<a href='function.mt-rand'>function.mt-rand</a>]: max(20) is smaller than min(21)	\includes\libraries\captcha.lib.php	288
Fri, 21 Nov 2014 02:14:17 +0000	[2]mt_rand() [<a href='function.mt-rand'>function.mt-rand</a>]: max(20) is smaller than min(21)	\includes\libraries\captcha.lib.php	288
Fri, 21 Nov 2014 02:14:19 +0000	[2]mt_rand() [<a href='function.mt-rand'>function.mt-rand</a>]: max(20) is smaller than min(21)	\includes\libraries\captcha.lib.php	288
Fri, 21 Nov 2014 02:14:19 +0000	[2]mt_rand() [<a href='function.mt-rand'>function.mt-rand</a>]: max(20) is smaller than min(21)	\includes\libraries\captcha.lib.php	288
Fri, 21 Nov 2014 02:14:20 +0000	[2]mt_rand() [<a href='function.mt-rand'>function.mt-rand</a>]: max(20) is smaller than min(21)	\includes\libraries\captcha.lib.php	288
Fri, 21 Nov 2014 02:14:20 +0000	[2]mt_rand() [<a href='function.mt-rand'>function.mt-rand</a>]: max(20) is smaller than min(21)	\includes\libraries\captcha.lib.php	288
Fri, 21 Nov 2014 02:14:20 +0000	[2]mt_rand() [<a href='function.mt-rand'>function.mt-rand</a>]: max(0) is smaller than min(1)	\includes\libraries\captcha.lib.php	274
Fri, 21 Nov 2014 02:14:21 +0000	[2]mt_rand() [<a href='function.mt-rand'>function.mt-rand</a>]: max(20) is smaller than min(21)	\includes\libraries\captcha.lib.php	288
Fri, 21 Nov 2014 02:14:21 +0000	[2]mt_rand() [<a href='function.mt-rand'>function.mt-rand</a>]: max(20) is smaller than min(21)	\includes\libraries\captcha.lib.php	288
Fri, 21 Nov 2014 02:14:21 +0000	[2]mt_rand() [<a href='function.mt-rand'>function.mt-rand</a>]: max(20) is smaller than min(21)	\includes\libraries\captcha.lib.php	288
Fri, 21 Nov 2014 02:14:21 +0000	[2]mt_rand() [<a href='function.mt-rand'>function.mt-rand</a>]: max(20) is smaller than min(21)	\includes\libraries\captcha.lib.php	288
Fri, 21 Nov 2014 02:14:21 +0000	[2]mt_rand() [<a href='function.mt-rand'>function.mt-rand</a>]: max(0) is smaller than min(1)	\includes\libraries\captcha.lib.php	274
Fri, 21 Nov 2014 02:14:22 +0000	[2]mt_rand() [<a href='function.mt-rand'>function.mt-rand</a>]: max(20) is smaller than min(21)	\includes\libraries\captcha.lib.php	288
Fri, 21 Nov 2014 02:14:22 +0000	[2]mt_rand() [<a href='function.mt-rand'>function.mt-rand</a>]: max(20) is smaller than min(21)	\includes\libraries\captcha.lib.php	288
Fri, 21 Nov 2014 02:14:22 +0000	[2]mt_rand() [<a href='function.mt-rand'>function.mt-rand</a>]: max(20) is smaller than min(21)	\includes\libraries\captcha.lib.php	288
Fri, 21 Nov 2014 02:14:23 +0000	[2]mt_rand() [<a href='function.mt-rand'>function.mt-rand</a>]: max(20) is smaller than min(21)	\includes\libraries\captcha.lib.php	288
Fri, 21 Nov 2014 02:14:23 +0000	[2]mt_rand() [<a href='function.mt-rand'>function.mt-rand</a>]: max(0) is smaller than min(1)	\includes\libraries\captcha.lib.php	274
Fri, 21 Nov 2014 02:14:23 +0000	[2]mt_rand() [<a href='function.mt-rand'>function.mt-rand</a>]: max(0) is smaller than min(1)	\includes\libraries\captcha.lib.php	274
Fri, 21 Nov 2014 02:14:23 +0000	[2]mt_rand() [<a href='function.mt-rand'>function.mt-rand</a>]: max(20) is smaller than min(21)	\includes\libraries\captcha.lib.php	288
Fri, 21 Nov 2014 05:49:31 +0000	[2]mt_rand() [<a href='function.mt-rand'>function.mt-rand</a>]: max(0) is smaller than min(1)	\includes\libraries\captcha.lib.php	274
Fri, 21 Nov 2014 05:49:34 +0000	[2]mt_rand() [<a href='function.mt-rand'>function.mt-rand</a>]: max(0) is smaller than min(1)	\includes\libraries\captcha.lib.php	274
Fri, 21 Nov 2014 05:49:34 +0000	[2]mt_rand() [<a href='function.mt-rand'>function.mt-rand</a>]: max(0) is smaller than min(1)	\includes\libraries\captcha.lib.php	274
Fri, 21 Nov 2014 05:49:35 +0000	[2]mt_rand() [<a href='function.mt-rand'>function.mt-rand</a>]: max(0) is smaller than min(1)	\includes\libraries\captcha.lib.php	274
Fri, 21 Nov 2014 05:49:35 +0000	[2]mt_rand() [<a href='function.mt-rand'>function.mt-rand</a>]: max(0) is smaller than min(1)	\includes\libraries\captcha.lib.php	274
Fri, 21 Nov 2014 06:22:31 +0000	[2]mt_rand() [<a href='function.mt-rand'>function.mt-rand</a>]: max(0) is smaller than min(1)	\includes\libraries\captcha.lib.php	274
Fri, 21 Nov 2014 06:46:26 +0000	[2]mt_rand() [<a href='function.mt-rand'>function.mt-rand</a>]: max(0) is smaller than min(1)	\includes\libraries\captcha.lib.php	274
Fri, 21 Nov 2014 07:32:59 +0000	[256]MySQL Error[1064]: You have an error in your SQL syntax; check the manual that corresponds to your MySQL server version for the right syntax to use near 'WHERE `deposit` = 'tianwei002'' at line 1
MySQL Query:SELECT user_name FROM  WHERE `deposit` = 'tianwei002'
Wrong File:  E:\wamp\www\llg\eccore\model\mysql.php[508]	\eccore\model\mysql.php	286
Mon, 24 Nov 2014 02:43:32 +0000	[2]mt_rand() [<a href='function.mt-rand'>function.mt-rand</a>]: max(0) is smaller than min(1)	\includes\libraries\captcha.lib.php	274
Mon, 24 Nov 2014 02:43:40 +0000	[2]mt_rand() [<a href='function.mt-rand'>function.mt-rand</a>]: max(20) is smaller than min(21)	\includes\libraries\captcha.lib.php	288
Mon, 24 Nov 2014 02:43:45 +0000	[2]mt_rand() [<a href='function.mt-rand'>function.mt-rand</a>]: max(20) is smaller than min(21)	\includes\libraries\captcha.lib.php	288
Mon, 24 Nov 2014 02:43:45 +0000	[2]mt_rand() [<a href='function.mt-rand'>function.mt-rand</a>]: max(20) is smaller than min(21)	\includes\libraries\captcha.lib.php	288
Mon, 24 Nov 2014 02:43:45 +0000	[2]mt_rand() [<a href='function.mt-rand'>function.mt-rand</a>]: max(20) is smaller than min(21)	\includes\libraries\captcha.lib.php	288
Mon, 24 Nov 2014 02:43:46 +0000	[2]mt_rand() [<a href='function.mt-rand'>function.mt-rand</a>]: max(0) is smaller than min(1)	\includes\libraries\captcha.lib.php	274
Mon, 24 Nov 2014 02:43:46 +0000	[2]mt_rand() [<a href='function.mt-rand'>function.mt-rand</a>]: max(0) is smaller than min(1)	\includes\libraries\captcha.lib.php	274
Mon, 24 Nov 2014 02:43:46 +0000	[2]mt_rand() [<a href='function.mt-rand'>function.mt-rand</a>]: max(20) is smaller than min(21)	\includes\libraries\captcha.lib.php	288
Mon, 24 Nov 2014 02:43:46 +0000	[2]mt_rand() [<a href='function.mt-rand'>function.mt-rand</a>]: max(20) is smaller than min(21)	\includes\libraries\captcha.lib.php	288
Mon, 24 Nov 2014 02:43:46 +0000	[2]mt_rand() [<a href='function.mt-rand'>function.mt-rand</a>]: max(0) is smaller than min(1)	\includes\libraries\captcha.lib.php	274
Mon, 24 Nov 2014 02:43:46 +0000	[2]mt_rand() [<a href='function.mt-rand'>function.mt-rand</a>]: max(0) is smaller than min(1)	\includes\libraries\captcha.lib.php	274
Mon, 24 Nov 2014 02:43:47 +0000	[2]mt_rand() [<a href='function.mt-rand'>function.mt-rand</a>]: max(20) is smaller than min(21)	\includes\libraries\captcha.lib.php	288
Mon, 24 Nov 2014 02:43:47 +0000	[2]mt_rand() [<a href='function.mt-rand'>function.mt-rand</a>]: max(20) is smaller than min(21)	\includes\libraries\captcha.lib.php	288
Mon, 24 Nov 2014 02:43:47 +0000	[2]mt_rand() [<a href='function.mt-rand'>function.mt-rand</a>]: max(20) is smaller than min(21)	\includes\libraries\captcha.lib.php	288
Mon, 24 Nov 2014 02:43:47 +0000	[2]mt_rand() [<a href='function.mt-rand'>function.mt-rand</a>]: max(20) is smaller than min(21)	\includes\libraries\captcha.lib.php	288
Mon, 24 Nov 2014 02:43:47 +0000	[2]mt_rand() [<a href='function.mt-rand'>function.mt-rand</a>]: max(0) is smaller than min(1)	\includes\libraries\captcha.lib.php	274
Mon, 24 Nov 2014 02:43:47 +0000	[2]mt_rand() [<a href='function.mt-rand'>function.mt-rand</a>]: max(20) is smaller than min(21)	\includes\libraries\captcha.lib.php	288
Mon, 24 Nov 2014 02:43:47 +0000	[2]mt_rand() [<a href='function.mt-rand'>function.mt-rand</a>]: max(0) is smaller than min(1)	\includes\libraries\captcha.lib.php	274
Mon, 24 Nov 2014 02:43:48 +0000	[2]mt_rand() [<a href='function.mt-rand'>function.mt-rand</a>]: max(20) is smaller than min(21)	\includes\libraries\captcha.lib.php	288
Mon, 24 Nov 2014 02:43:48 +0000	[2]mt_rand() [<a href='function.mt-rand'>function.mt-rand</a>]: max(20) is smaller than min(21)	\includes\libraries\captcha.lib.php	288
Mon, 24 Nov 2014 02:43:48 +0000	[2]mt_rand() [<a href='function.mt-rand'>function.mt-rand</a>]: max(20) is smaller than min(21)	\includes\libraries\captcha.lib.php	288
Mon, 24 Nov 2014 02:43:49 +0000	[2]mt_rand() [<a href='function.mt-rand'>function.mt-rand</a>]: max(20) is smaller than min(21)	\includes\libraries\captcha.lib.php	288
Mon, 24 Nov 2014 02:43:49 +0000	[2]mt_rand() [<a href='function.mt-rand'>function.mt-rand</a>]: max(20) is smaller than min(21)	\includes\libraries\captcha.lib.php	288
Mon, 24 Nov 2014 02:43:50 +0000	[2]mt_rand() [<a href='function.mt-rand'>function.mt-rand</a>]: max(20) is smaller than min(21)	\includes\libraries\captcha.lib.php	288
Mon, 24 Nov 2014 02:43:50 +0000	[2]mt_rand() [<a href='function.mt-rand'>function.mt-rand</a>]: max(20) is smaller than min(21)	\includes\libraries\captcha.lib.php	288
Mon, 24 Nov 2014 02:43:50 +0000	[2]mt_rand() [<a href='function.mt-rand'>function.mt-rand</a>]: max(20) is smaller than min(21)	\includes\libraries\captcha.lib.php	288
Mon, 24 Nov 2014 02:43:50 +0000	[2]mt_rand() [<a href='function.mt-rand'>function.mt-rand</a>]: max(20) is smaller than min(21)	\includes\libraries\captcha.lib.php	288
Mon, 24 Nov 2014 02:43:50 +0000	[2]mt_rand() [<a href='function.mt-rand'>function.mt-rand</a>]: max(20) is smaller than min(21)	\includes\libraries\captcha.lib.php	288
Mon, 24 Nov 2014 02:43:50 +0000	[2]mt_rand() [<a href='function.mt-rand'>function.mt-rand</a>]: max(20) is smaller than min(21)	\includes\libraries\captcha.lib.php	288
Mon, 24 Nov 2014 02:43:51 +0000	[2]mt_rand() [<a href='function.mt-rand'>function.mt-rand</a>]: max(20) is smaller than min(21)	\includes\libraries\captcha.lib.php	288
Mon, 24 Nov 2014 02:43:52 +0000	[2]mt_rand() [<a href='function.mt-rand'>function.mt-rand</a>]: max(20) is smaller than min(21)	\includes\libraries\captcha.lib.php	288
Mon, 24 Nov 2014 02:43:52 +0000	[2]mt_rand() [<a href='function.mt-rand'>function.mt-rand</a>]: max(20) is smaller than min(21)	\includes\libraries\captcha.lib.php	288
Mon, 24 Nov 2014 02:43:53 +0000	[2]mt_rand() [<a href='function.mt-rand'>function.mt-rand</a>]: max(20) is smaller than min(21)	\includes\libraries\captcha.lib.php	288
Mon, 24 Nov 2014 02:43:53 +0000	[2]mt_rand() [<a href='function.mt-rand'>function.mt-rand</a>]: max(20) is smaller than min(21)	\includes\libraries\captcha.lib.php	288
Mon, 24 Nov 2014 02:43:53 +0000	[2]mt_rand() [<a href='function.mt-rand'>function.mt-rand</a>]: max(20) is smaller than min(21)	\includes\libraries\captcha.lib.php	288
Mon, 24 Nov 2014 02:43:53 +0000	[2]mt_rand() [<a href='function.mt-rand'>function.mt-rand</a>]: max(20) is smaller than min(21)	\includes\libraries\captcha.lib.php	288
Mon, 24 Nov 2014 02:43:53 +0000	[2]mt_rand() [<a href='function.mt-rand'>function.mt-rand</a>]: max(20) is smaller than min(21)	\includes\libraries\captcha.lib.php	288
Mon, 24 Nov 2014 02:43:54 +0000	[2]mt_rand() [<a href='function.mt-rand'>function.mt-rand</a>]: max(20) is smaller than min(21)	\includes\libraries\captcha.lib.php	288
Mon, 24 Nov 2014 02:43:54 +0000	[2]mt_rand() [<a href='function.mt-rand'>function.mt-rand</a>]: max(20) is smaller than min(21)	\includes\libraries\captcha.lib.php	288
Mon, 24 Nov 2014 02:43:54 +0000	[2]mt_rand() [<a href='function.mt-rand'>function.mt-rand</a>]: max(20) is smaller than min(21)	\includes\libraries\captcha.lib.php	288
Mon, 24 Nov 2014 02:43:54 +0000	[2]mt_rand() [<a href='function.mt-rand'>function.mt-rand</a>]: max(20) is smaller than min(21)	\includes\libraries\captcha.lib.php	288
Mon, 24 Nov 2014 02:43:54 +0000	[2]mt_rand() [<a href='function.mt-rand'>function.mt-rand</a>]: max(20) is smaller than min(21)	\includes\libraries\captcha.lib.php	288
Mon, 24 Nov 2014 02:43:55 +0000	[2]mt_rand() [<a href='function.mt-rand'>function.mt-rand</a>]: max(20) is smaller than min(21)	\includes\libraries\captcha.lib.php	288
Mon, 24 Nov 2014 02:43:55 +0000	[2]mt_rand() [<a href='function.mt-rand'>function.mt-rand</a>]: max(20) is smaller than min(21)	\includes\libraries\captcha.lib.php	288
Mon, 24 Nov 2014 02:43:57 +0000	[2]mt_rand() [<a href='function.mt-rand'>function.mt-rand</a>]: max(20) is smaller than min(21)	\includes\libraries\captcha.lib.php	288
Mon, 24 Nov 2014 02:43:58 +0000	[2]mt_rand() [<a href='function.mt-rand'>function.mt-rand</a>]: max(20) is smaller than min(21)	\includes\libraries\captcha.lib.php	288
Mon, 24 Nov 2014 02:43:58 +0000	[2]mt_rand() [<a href='function.mt-rand'>function.mt-rand</a>]: max(20) is smaller than min(21)	\includes\libraries\captcha.lib.php	288
Mon, 24 Nov 2014 02:43:59 +0000	[2]mt_rand() [<a href='function.mt-rand'>function.mt-rand</a>]: max(0) is smaller than min(1)	\includes\libraries\captcha.lib.php	274
Mon, 24 Nov 2014 02:44:11 +0000	[2]mt_rand() [<a href='function.mt-rand'>function.mt-rand</a>]: max(0) is smaller than min(1)	\includes\libraries\captcha.lib.php	274
Mon, 24 Nov 2014 02:44:11 +0000	[2]mt_rand() [<a href='function.mt-rand'>function.mt-rand</a>]: max(20) is smaller than min(21)	\includes\libraries\captcha.lib.php	288
Mon, 24 Nov 2014 02:44:12 +0000	[2]mt_rand() [<a href='function.mt-rand'>function.mt-rand</a>]: max(20) is smaller than min(21)	\includes\libraries\captcha.lib.php	288
Mon, 24 Nov 2014 02:44:12 +0000	[2]mt_rand() [<a href='function.mt-rand'>function.mt-rand</a>]: max(20) is smaller than min(21)	\includes\libraries\captcha.lib.php	288
Mon, 24 Nov 2014 02:44:12 +0000	[2]mt_rand() [<a href='function.mt-rand'>function.mt-rand</a>]: max(20) is smaller than min(21)	\includes\libraries\captcha.lib.php	288
Mon, 24 Nov 2014 02:44:12 +0000	[2]mt_rand() [<a href='function.mt-rand'>function.mt-rand</a>]: max(20) is smaller than min(21)	\includes\libraries\captcha.lib.php	288
Mon, 24 Nov 2014 02:44:12 +0000	[2]mt_rand() [<a href='function.mt-rand'>function.mt-rand</a>]: max(20) is smaller than min(21)	\includes\libraries\captcha.lib.php	288
Mon, 24 Nov 2014 02:44:13 +0000	[2]mt_rand() [<a href='function.mt-rand'>function.mt-rand</a>]: max(20) is smaller than min(21)	\includes\libraries\captcha.lib.php	288
Mon, 24 Nov 2014 02:44:13 +0000	[2]mt_rand() [<a href='function.mt-rand'>function.mt-rand</a>]: max(20) is smaller than min(21)	\includes\libraries\captcha.lib.php	288
Mon, 24 Nov 2014 02:44:13 +0000	[2]mt_rand() [<a href='function.mt-rand'>function.mt-rand</a>]: max(20) is smaller than min(21)	\includes\libraries\captcha.lib.php	288
Mon, 24 Nov 2014 02:44:13 +0000	[2]mt_rand() [<a href='function.mt-rand'>function.mt-rand</a>]: max(20) is smaller than min(21)	\includes\libraries\captcha.lib.php	288
Mon, 24 Nov 2014 02:44:13 +0000	[2]mt_rand() [<a href='function.mt-rand'>function.mt-rand</a>]: max(20) is smaller than min(21)	\includes\libraries\captcha.lib.php	288
Mon, 24 Nov 2014 02:44:13 +0000	[2]mt_rand() [<a href='function.mt-rand'>function.mt-rand</a>]: max(20) is smaller than min(21)	\includes\libraries\captcha.lib.php	288
Mon, 24 Nov 2014 02:44:14 +0000	[2]mt_rand() [<a href='function.mt-rand'>function.mt-rand</a>]: max(20) is smaller than min(21)	\includes\libraries\captcha.lib.php	288
Mon, 24 Nov 2014 02:44:14 +0000	[2]mt_rand() [<a href='function.mt-rand'>function.mt-rand</a>]: max(20) is smaller than min(21)	\includes\libraries\captcha.lib.php	288
Mon, 24 Nov 2014 02:44:14 +0000	[2]mt_rand() [<a href='function.mt-rand'>function.mt-rand</a>]: max(20) is smaller than min(21)	\includes\libraries\captcha.lib.php	288
Mon, 24 Nov 2014 02:44:14 +0000	[2]mt_rand() [<a href='function.mt-rand'>function.mt-rand</a>]: max(0) is smaller than min(1)	\includes\libraries\captcha.lib.php	274
Mon, 24 Nov 2014 02:44:15 +0000	[2]mt_rand() [<a href='function.mt-rand'>function.mt-rand</a>]: max(0) is smaller than min(1)	\includes\libraries\captcha.lib.php	274
Mon, 24 Nov 2014 02:44:15 +0000	[2]mt_rand() [<a href='function.mt-rand'>function.mt-rand</a>]: max(20) is smaller than min(21)	\includes\libraries\captcha.lib.php	288
Mon, 24 Nov 2014 02:44:16 +0000	[2]mt_rand() [<a href='function.mt-rand'>function.mt-rand</a>]: max(20) is smaller than min(21)	\includes\libraries\captcha.lib.php	288
Mon, 24 Nov 2014 02:44:16 +0000	[2]mt_rand() [<a href='function.mt-rand'>function.mt-rand</a>]: max(20) is smaller than min(21)	\includes\libraries\captcha.lib.php	288
Mon, 24 Nov 2014 02:44:16 +0000	[2]mt_rand() [<a href='function.mt-rand'>function.mt-rand</a>]: max(20) is smaller than min(21)	\includes\libraries\captcha.lib.php	288
Mon, 24 Nov 2014 02:44:16 +0000	[2]mt_rand() [<a href='function.mt-rand'>function.mt-rand</a>]: max(20) is smaller than min(21)	\includes\libraries\captcha.lib.php	288
Mon, 24 Nov 2014 02:44:16 +0000	[2]mt_rand() [<a href='function.mt-rand'>function.mt-rand</a>]: max(20) is smaller than min(21)	\includes\libraries\captcha.lib.php	288
Mon, 24 Nov 2014 02:44:16 +0000	[2]mt_rand() [<a href='function.mt-rand'>function.mt-rand</a>]: max(0) is smaller than min(1)	\includes\libraries\captcha.lib.php	274
Mon, 24 Nov 2014 02:44:17 +0000	[2]mt_rand() [<a href='function.mt-rand'>function.mt-rand</a>]: max(0) is smaller than min(1)	\includes\libraries\captcha.lib.php	274
Mon, 24 Nov 2014 02:44:17 +0000	[2]mt_rand() [<a href='function.mt-rand'>function.mt-rand</a>]: max(20) is smaller than min(21)	\includes\libraries\captcha.lib.php	288
Mon, 24 Nov 2014 02:44:17 +0000	[2]mt_rand() [<a href='function.mt-rand'>function.mt-rand</a>]: max(20) is smaller than min(21)	\includes\libraries\captcha.lib.php	288
Mon, 24 Nov 2014 02:44:17 +0000	[2]mt_rand() [<a href='function.mt-rand'>function.mt-rand</a>]: max(20) is smaller than min(21)	\includes\libraries\captcha.lib.php	288
Mon, 24 Nov 2014 02:44:17 +0000	[2]mt_rand() [<a href='function.mt-rand'>function.mt-rand</a>]: max(20) is smaller than min(21)	\includes\libraries\captcha.lib.php	288
Mon, 24 Nov 2014 02:44:17 +0000	[2]mt_rand() [<a href='function.mt-rand'>function.mt-rand</a>]: max(20) is smaller than min(21)	\includes\libraries\captcha.lib.php	288
Mon, 24 Nov 2014 02:44:18 +0000	[2]mt_rand() [<a href='function.mt-rand'>function.mt-rand</a>]: max(20) is smaller than min(21)	\includes\libraries\captcha.lib.php	288
Mon, 24 Nov 2014 02:44:18 +0000	[2]mt_rand() [<a href='function.mt-rand'>function.mt-rand</a>]: max(20) is smaller than min(21)	\includes\libraries\captcha.lib.php	288
Mon, 24 Nov 2014 02:44:18 +0000	[2]mt_rand() [<a href='function.mt-rand'>function.mt-rand</a>]: max(20) is smaller than min(21)	\includes\libraries\captcha.lib.php	288
Mon, 24 Nov 2014 02:44:19 +0000	[2]mt_rand() [<a href='function.mt-rand'>function.mt-rand</a>]: max(20) is smaller than min(21)	\includes\libraries\captcha.lib.php	288
Mon, 24 Nov 2014 02:44:19 +0000	[2]mt_rand() [<a href='function.mt-rand'>function.mt-rand</a>]: max(0) is smaller than min(1)	\includes\libraries\captcha.lib.php	274
Mon, 24 Nov 2014 02:44:20 +0000	[2]mt_rand() [<a href='function.mt-rand'>function.mt-rand</a>]: max(0) is smaller than min(1)	\includes\libraries\captcha.lib.php	274
Mon, 24 Nov 2014 02:44:20 +0000	[2]mt_rand() [<a href='function.mt-rand'>function.mt-rand</a>]: max(0) is smaller than min(1)	\includes\libraries\captcha.lib.php	274
Mon, 24 Nov 2014 02:44:20 +0000	[2]mt_rand() [<a href='function.mt-rand'>function.mt-rand</a>]: max(0) is smaller than min(1)	\includes\libraries\captcha.lib.php	274
Mon, 24 Nov 2014 02:44:22 +0000	[2]mt_rand() [<a href='function.mt-rand'>function.mt-rand</a>]: max(20) is smaller than min(21)	\includes\libraries\captcha.lib.php	288
Mon, 24 Nov 2014 02:44:22 +0000	[2]mt_rand() [<a href='function.mt-rand'>function.mt-rand</a>]: max(20) is smaller than min(21)	\includes\libraries\captcha.lib.php	288
Mon, 24 Nov 2014 02:44:22 +0000	[2]mt_rand() [<a href='function.mt-rand'>function.mt-rand</a>]: max(0) is smaller than min(1)	\includes\libraries\captcha.lib.php	274
Mon, 24 Nov 2014 02:44:23 +0000	[2]mt_rand() [<a href='function.mt-rand'>function.mt-rand</a>]: max(20) is smaller than min(21)	\includes\libraries\captcha.lib.php	288
Mon, 24 Nov 2014 02:44:23 +0000	[2]mt_rand() [<a href='function.mt-rand'>function.mt-rand</a>]: max(20) is smaller than min(21)	\includes\libraries\captcha.lib.php	288
Mon, 24 Nov 2014 02:44:23 +0000	[2]mt_rand() [<a href='function.mt-rand'>function.mt-rand</a>]: max(0) is smaller than min(1)	\includes\libraries\captcha.lib.php	274
Mon, 24 Nov 2014 02:44:24 +0000	[2]mt_rand() [<a href='function.mt-rand'>function.mt-rand</a>]: max(20) is smaller than min(21)	\includes\libraries\captcha.lib.php	288
Mon, 24 Nov 2014 02:44:24 +0000	[2]mt_rand() [<a href='function.mt-rand'>function.mt-rand</a>]: max(20) is smaller than min(21)	\includes\libraries\captcha.lib.php	288
Mon, 24 Nov 2014 02:44:24 +0000	[2]mt_rand() [<a href='function.mt-rand'>function.mt-rand</a>]: max(20) is smaller than min(21)	\includes\libraries\captcha.lib.php	288
Mon, 24 Nov 2014 02:44:25 +0000	[2]mt_rand() [<a href='function.mt-rand'>function.mt-rand</a>]: max(0) is smaller than min(1)	\includes\libraries\captcha.lib.php	274
Mon, 24 Nov 2014 02:44:25 +0000	[2]mt_rand() [<a href='function.mt-rand'>function.mt-rand</a>]: max(20) is smaller than min(21)	\includes\libraries\captcha.lib.php	288
Mon, 24 Nov 2014 02:44:25 +0000	[2]mt_rand() [<a href='function.mt-rand'>function.mt-rand</a>]: max(20) is smaller than min(21)	\includes\libraries\captcha.lib.php	288
Mon, 24 Nov 2014 02:44:26 +0000	[2]mt_rand() [<a href='function.mt-rand'>function.mt-rand</a>]: max(20) is smaller than min(21)	\includes\libraries\captcha.lib.php	288
Mon, 24 Nov 2014 02:44:26 +0000	[2]mt_rand() [<a href='function.mt-rand'>function.mt-rand</a>]: max(20) is smaller than min(21)	\includes\libraries\captcha.lib.php	288
Mon, 24 Nov 2014 02:44:26 +0000	[2]mt_rand() [<a href='function.mt-rand'>function.mt-rand</a>]: max(20) is smaller than min(21)	\includes\libraries\captcha.lib.php	288
Mon, 24 Nov 2014 02:44:27 +0000	[2]mt_rand() [<a href='function.mt-rand'>function.mt-rand</a>]: max(20) is smaller than min(21)	\includes\libraries\captcha.lib.php	288
Mon, 24 Nov 2014 02:44:27 +0000	[2]mt_rand() [<a href='function.mt-rand'>function.mt-rand</a>]: max(20) is smaller than min(21)	\includes\libraries\captcha.lib.php	288
Mon, 24 Nov 2014 02:44:27 +0000	[2]mt_rand() [<a href='function.mt-rand'>function.mt-rand</a>]: max(0) is smaller than min(1)	\includes\libraries\captcha.lib.php	274
Mon, 24 Nov 2014 02:44:27 +0000	[2]mt_rand() [<a href='function.mt-rand'>function.mt-rand</a>]: max(20) is smaller than min(21)	\includes\libraries\captcha.lib.php	288
Mon, 24 Nov 2014 02:44:28 +0000	[2]mt_rand() [<a href='function.mt-rand'>function.mt-rand</a>]: max(20) is smaller than min(21)	\includes\libraries\captcha.lib.php	288
Mon, 24 Nov 2014 02:44:28 +0000	[2]mt_rand() [<a href='function.mt-rand'>function.mt-rand</a>]: max(20) is smaller than min(21)	\includes\libraries\captcha.lib.php	288
Mon, 24 Nov 2014 02:44:28 +0000	[2]mt_rand() [<a href='function.mt-rand'>function.mt-rand</a>]: max(20) is smaller than min(21)	\includes\libraries\captcha.lib.php	288
Mon, 24 Nov 2014 02:44:29 +0000	[2]mt_rand() [<a href='function.mt-rand'>function.mt-rand</a>]: max(0) is smaller than min(1)	\includes\libraries\captcha.lib.php	274
Mon, 24 Nov 2014 02:44:29 +0000	[2]mt_rand() [<a href='function.mt-rand'>function.mt-rand</a>]: max(20) is smaller than min(21)	\includes\libraries\captcha.lib.php	288
Mon, 24 Nov 2014 02:44:29 +0000	[2]mt_rand() [<a href='function.mt-rand'>function.mt-rand</a>]: max(20) is smaller than min(21)	\includes\libraries\captcha.lib.php	288
Mon, 24 Nov 2014 02:44:29 +0000	[2]mt_rand() [<a href='function.mt-rand'>function.mt-rand</a>]: max(20) is smaller than min(21)	\includes\libraries\captcha.lib.php	288
Mon, 24 Nov 2014 02:44:29 +0000	[2]mt_rand() [<a href='function.mt-rand'>function.mt-rand</a>]: max(20) is smaller than min(21)	\includes\libraries\captcha.lib.php	288
Mon, 24 Nov 2014 02:44:30 +0000	[2]mt_rand() [<a href='function.mt-rand'>function.mt-rand</a>]: max(20) is smaller than min(21)	\includes\libraries\captcha.lib.php	288
Mon, 24 Nov 2014 02:44:30 +0000	[2]mt_rand() [<a href='function.mt-rand'>function.mt-rand</a>]: max(20) is smaller than min(21)	\includes\libraries\captcha.lib.php	288
Mon, 24 Nov 2014 02:44:30 +0000	[2]mt_rand() [<a href='function.mt-rand'>function.mt-rand</a>]: max(20) is smaller than min(21)	\includes\libraries\captcha.lib.php	288
Mon, 24 Nov 2014 02:44:31 +0000	[2]mt_rand() [<a href='function.mt-rand'>function.mt-rand</a>]: max(20) is smaller than min(21)	\includes\libraries\captcha.lib.php	288
Mon, 24 Nov 2014 02:44:32 +0000	[2]mt_rand() [<a href='function.mt-rand'>function.mt-rand</a>]: max(20) is smaller than min(21)	\includes\libraries\captcha.lib.php	288
Mon, 24 Nov 2014 02:44:32 +0000	[2]mt_rand() [<a href='function.mt-rand'>function.mt-rand</a>]: max(20) is smaller than min(21)	\includes\libraries\captcha.lib.php	288
Mon, 24 Nov 2014 02:44:33 +0000	[2]mt_rand() [<a href='function.mt-rand'>function.mt-rand</a>]: max(0) is smaller than min(1)	\includes\libraries\captcha.lib.php	274
Mon, 24 Nov 2014 02:44:33 +0000	[2]mt_rand() [<a href='function.mt-rand'>function.mt-rand</a>]: max(20) is smaller than min(21)	\includes\libraries\captcha.lib.php	288
Mon, 24 Nov 2014 02:44:33 +0000	[2]mt_rand() [<a href='function.mt-rand'>function.mt-rand</a>]: max(20) is smaller than min(21)	\includes\libraries\captcha.lib.php	288
Mon, 24 Nov 2014 02:44:34 +0000	[2]mt_rand() [<a href='function.mt-rand'>function.mt-rand</a>]: max(20) is smaller than min(21)	\includes\libraries\captcha.lib.php	288
Mon, 24 Nov 2014 02:44:35 +0000	[2]mt_rand() [<a href='function.mt-rand'>function.mt-rand</a>]: max(20) is smaller than min(21)	\includes\libraries\captcha.lib.php	288
Mon, 24 Nov 2014 02:44:35 +0000	[2]mt_rand() [<a href='function.mt-rand'>function.mt-rand</a>]: max(20) is smaller than min(21)	\includes\libraries\captcha.lib.php	288
Mon, 24 Nov 2014 02:44:35 +0000	[2]mt_rand() [<a href='function.mt-rand'>function.mt-rand</a>]: max(20) is smaller than min(21)	\includes\libraries\captcha.lib.php	288
Mon, 24 Nov 2014 02:44:36 +0000	[2]mt_rand() [<a href='function.mt-rand'>function.mt-rand</a>]: max(20) is smaller than min(21)	\includes\libraries\captcha.lib.php	288
Mon, 24 Nov 2014 02:44:36 +0000	[2]mt_rand() [<a href='function.mt-rand'>function.mt-rand</a>]: max(20) is smaller than min(21)	\includes\libraries\captcha.lib.php	288
Mon, 24 Nov 2014 02:44:36 +0000	[2]mt_rand() [<a href='function.mt-rand'>function.mt-rand</a>]: max(0) is smaller than min(1)	\includes\libraries\captcha.lib.php	274
Mon, 24 Nov 2014 02:44:37 +0000	[2]mt_rand() [<a href='function.mt-rand'>function.mt-rand</a>]: max(20) is smaller than min(21)	\includes\libraries\captcha.lib.php	288
Mon, 24 Nov 2014 02:44:37 +0000	[2]mt_rand() [<a href='function.mt-rand'>function.mt-rand</a>]: max(20) is smaller than min(21)	\includes\libraries\captcha.lib.php	288
Mon, 24 Nov 2014 02:44:37 +0000	[2]mt_rand() [<a href='function.mt-rand'>function.mt-rand</a>]: max(20) is smaller than min(21)	\includes\libraries\captcha.lib.php	288
Mon, 24 Nov 2014 02:44:38 +0000	[2]mt_rand() [<a href='function.mt-rand'>function.mt-rand</a>]: max(20) is smaller than min(21)	\includes\libraries\captcha.lib.php	288
Mon, 24 Nov 2014 02:44:38 +0000	[2]mt_rand() [<a href='function.mt-rand'>function.mt-rand</a>]: max(20) is smaller than min(21)	\includes\libraries\captcha.lib.php	288
Mon, 24 Nov 2014 02:44:38 +0000	[2]mt_rand() [<a href='function.mt-rand'>function.mt-rand</a>]: max(20) is smaller than min(21)	\includes\libraries\captcha.lib.php	288
Mon, 24 Nov 2014 02:44:39 +0000	[2]mt_rand() [<a href='function.mt-rand'>function.mt-rand</a>]: max(20) is smaller than min(21)	\includes\libraries\captcha.lib.php	288
Mon, 24 Nov 2014 02:44:39 +0000	[2]mt_rand() [<a href='function.mt-rand'>function.mt-rand</a>]: max(20) is smaller than min(21)	\includes\libraries\captcha.lib.php	288
Mon, 24 Nov 2014 02:44:40 +0000	[2]mt_rand() [<a href='function.mt-rand'>function.mt-rand</a>]: max(20) is smaller than min(21)	\includes\libraries\captcha.lib.php	288
Mon, 24 Nov 2014 02:44:41 +0000	[2]mt_rand() [<a href='function.mt-rand'>function.mt-rand</a>]: max(20) is smaller than min(21)	\includes\libraries\captcha.lib.php	288
Mon, 24 Nov 2014 02:44:41 +0000	[2]mt_rand() [<a href='function.mt-rand'>function.mt-rand</a>]: max(20) is smaller than min(21)	\includes\libraries\captcha.lib.php	288
Mon, 24 Nov 2014 02:44:42 +0000	[2]mt_rand() [<a href='function.mt-rand'>function.mt-rand</a>]: max(20) is smaller than min(21)	\includes\libraries\captcha.lib.php	288
Mon, 24 Nov 2014 02:44:42 +0000	[2]mt_rand() [<a href='function.mt-rand'>function.mt-rand</a>]: max(0) is smaller than min(1)	\includes\libraries\captcha.lib.php	274
Mon, 24 Nov 2014 02:44:43 +0000	[2]mt_rand() [<a href='function.mt-rand'>function.mt-rand</a>]: max(20) is smaller than min(21)	\includes\libraries\captcha.lib.php	288
Mon, 24 Nov 2014 02:44:43 +0000	[2]mt_rand() [<a href='function.mt-rand'>function.mt-rand</a>]: max(20) is smaller than min(21)	\includes\libraries\captcha.lib.php	288
Mon, 24 Nov 2014 02:44:44 +0000	[2]mt_rand() [<a href='function.mt-rand'>function.mt-rand</a>]: max(20) is smaller than min(21)	\includes\libraries\captcha.lib.php	288
Mon, 24 Nov 2014 02:44:44 +0000	[2]mt_rand() [<a href='function.mt-rand'>function.mt-rand</a>]: max(20) is smaller than min(21)	\includes\libraries\captcha.lib.php	288
Mon, 24 Nov 2014 02:44:44 +0000	[2]mt_rand() [<a href='function.mt-rand'>function.mt-rand</a>]: max(20) is smaller than min(21)	\includes\libraries\captcha.lib.php	288
Mon, 24 Nov 2014 02:44:44 +0000	[2]mt_rand() [<a href='function.mt-rand'>function.mt-rand</a>]: max(20) is smaller than min(21)	\includes\libraries\captcha.lib.php	288
Mon, 24 Nov 2014 02:44:45 +0000	[2]mt_rand() [<a href='function.mt-rand'>function.mt-rand</a>]: max(20) is smaller than min(21)	\includes\libraries\captcha.lib.php	288
Mon, 24 Nov 2014 02:44:46 +0000	[2]mt_rand() [<a href='function.mt-rand'>function.mt-rand</a>]: max(0) is smaller than min(1)	\includes\libraries\captcha.lib.php	274
Mon, 24 Nov 2014 02:44:46 +0000	[2]mt_rand() [<a href='function.mt-rand'>function.mt-rand</a>]: max(20) is smaller than min(21)	\includes\libraries\captcha.lib.php	288
Mon, 24 Nov 2014 02:44:46 +0000	[2]mt_rand() [<a href='function.mt-rand'>function.mt-rand</a>]: max(20) is smaller than min(21)	\includes\libraries\captcha.lib.php	288
Mon, 24 Nov 2014 02:44:47 +0000	[2]mt_rand() [<a href='function.mt-rand'>function.mt-rand</a>]: max(20) is smaller than min(21)	\includes\libraries\captcha.lib.php	288
Mon, 24 Nov 2014 02:44:47 +0000	[2]mt_rand() [<a href='function.mt-rand'>function.mt-rand</a>]: max(20) is smaller than min(21)	\includes\libraries\captcha.lib.php	288
Mon, 24 Nov 2014 02:44:47 +0000	[2]mt_rand() [<a href='function.mt-rand'>function.mt-rand</a>]: max(20) is smaller than min(21)	\includes\libraries\captcha.lib.php	288
Mon, 24 Nov 2014 02:44:47 +0000	[2]mt_rand() [<a href='function.mt-rand'>function.mt-rand</a>]: max(0) is smaller than min(1)	\includes\libraries\captcha.lib.php	274
Mon, 24 Nov 2014 02:44:47 +0000	[2]mt_rand() [<a href='function.mt-rand'>function.mt-rand</a>]: max(20) is smaller than min(21)	\includes\libraries\captcha.lib.php	288
Mon, 24 Nov 2014 02:44:48 +0000	[2]mt_rand() [<a href='function.mt-rand'>function.mt-rand</a>]: max(0) is smaller than min(1)	\includes\libraries\captcha.lib.php	274
Mon, 24 Nov 2014 02:44:48 +0000	[2]mt_rand() [<a href='function.mt-rand'>function.mt-rand</a>]: max(20) is smaller than min(21)	\includes\libraries\captcha.lib.php	288
Mon, 24 Nov 2014 02:44:49 +0000	[2]mt_rand() [<a href='function.mt-rand'>function.mt-rand</a>]: max(0) is smaller than min(1)	\includes\libraries\captcha.lib.php	274
Mon, 24 Nov 2014 03:05:13 +0000	[2]mt_rand() [<a href='function.mt-rand'>function.mt-rand</a>]: max(0) is smaller than min(1)	\includes\libraries\captcha.lib.php	274
Mon, 24 Nov 2014 04:20:43 +0000	[256]MySQL Error[1054]: Unknown column 'time' in 'where clause'
MySQL Query:SELECT user_name FROM ecm_member WHERE `deposit` = 'tianwei' AND time > 1415059200 AND time < 1416960000
Wrong File:  E:\wamp\www\llg\eccore\model\mysql.php[508]	\eccore\model\mysql.php	286
